<?xml version="1.0" encoding="UTF-8"?>
<coverage generated="1673435578339" clover="3.2.0">
  <project timestamp="1673435578339" name="All files">
    <metrics statements="63" coveredstatements="56" conditionals="34" coveredconditionals="31" methods="14" coveredmethods="12" elements="111" coveredelements="99" complexity="0" loc="63" ncloc="63" packages="1" files="1" classes="1"/>
    <file name="LinkedList.js" path="D:\github\javascript\data-structure\linked-list\LinkedList.js">
      <metrics statements="63" coveredstatements="56" conditionals="34" coveredconditionals="31" methods="14" coveredmethods="12"/>
      <line num="3" count="38" type="stmt"/>
      <line num="4" count="38" type="stmt"/>
      <line num="8" count="77" type="stmt"/>
      <line num="9" count="77" type="stmt"/>
      <line num="10" count="77" type="stmt"/>
      <line num="13" count="16" type="cond" truecount="4" falsecount="0"/>
      <line num="14" count="14" type="stmt"/>
      <line num="15" count="14" type="stmt"/>
      <line num="16" count="16" type="stmt"/>
      <line num="18" count="14" type="stmt"/>
      <line num="22" count="4" type="cond" truecount="4" falsecount="0"/>
      <line num="23" count="2" type="cond" truecount="2" falsecount="0"/>
      <line num="25" count="1" type="stmt"/>
      <line num="26" count="1" type="cond" truecount="1" falsecount="1"/>
      <line num="27" count="1" type="stmt"/>
      <line num="28" count="1" type="stmt"/>
      <line num="32" count="2" type="cond" truecount="2" falsecount="0"/>
      <line num="33" count="1" type="stmt"/>
      <line num="34" count="1" type="stmt"/>
      <line num="35" count="1" type="stmt"/>
      <line num="39" count="5" type="cond" truecount="2" falsecount="0"/>
      <line num="40" count="4" type="stmt"/>
      <line num="41" count="4" type="stmt"/>
      <line num="45" count="5" type="cond" truecount="2" falsecount="0"/>
      <line num="46" count="3" type="cond" truecount="1" falsecount="1"/>
      <line num="47" count="3" type="stmt"/>
      <line num="48" count="3" type="stmt"/>
      <line num="49" count="3" type="stmt"/>
      <line num="53" count="5" type="cond" truecount="4" falsecount="0"/>
      <line num="54" count="2" type="cond" truecount="1" falsecount="1"/>
      <line num="56" count="2" type="stmt"/>
      <line num="57" count="2" type="stmt"/>
      <line num="58" count="2" type="stmt"/>
      <line num="60" count="2" type="stmt"/>
      <line num="64" count="6" type="cond" truecount="2" falsecount="0"/>
      <line num="65" count="4" type="stmt"/>
      <line num="66" count="4" type="stmt"/>
      <line num="67" count="8" type="cond" truecount="2" falsecount="0"/>
      <line num="68" count="6" type="stmt"/>
      <line num="70" count="2" type="stmt"/>
      <line num="74" count="6" type="cond" truecount="2" falsecount="0"/>
      <line num="75" count="4" type="stmt"/>
      <line num="76" count="4" type="stmt"/>
      <line num="77" count="4" type="stmt"/>
      <line num="78" count="9" type="cond" truecount="2" falsecount="0"/>
      <line num="79" count="7" type="stmt"/>
      <line num="80" count="7" type="stmt"/>
      <line num="82" count="2" type="stmt"/>
      <line num="86" count="0" type="stmt"/>
      <line num="87" count="0" type="stmt"/>
      <line num="88" count="0" type="stmt"/>
      <line num="89" count="0" type="stmt"/>
      <line num="90" count="0" type="stmt"/>
      <line num="92" count="0" type="stmt"/>
      <line num="98" count="79" type="stmt"/>
      <line num="99" count="79" type="stmt"/>
      <line num="103" count="1" type="stmt"/>
      <line num="104" count="28" type="stmt"/>
      <line num="105" count="28" type="stmt"/>
      <line num="106" count="73" type="stmt"/>
      <line num="108" count="28" type="stmt"/>
      <line num="111" count="1" type="stmt"/>
      <line num="112" count="0" type="stmt"/>
    </file>
  </project>
</coverage>
