{"D:\\github\\javascript\\data-structure\\linked-list\\LinkedList.js": {"path":"D:\\github\\javascript\\data-structure\\linked-list\\LinkedList.js","statementMap":{"0":{"start":{"line":3,"column":4},"end":{"line":3,"column":21}},"1":{"start":{"line":4,"column":4},"end":{"line":4,"column":20}},"2":{"start":{"line":8,"column":20},"end":{"line":8,"column":55}},"3":{"start":{"line":9,"column":4},"end":{"line":9,"column":24}},"4":{"start":{"line":10,"column":4},"end":{"line":10,"column":18}},"5":{"start":{"line":13,"column":4},"end":{"line":13,"column":55}},"6":{"start":{"line":13,"column":43},"end":{"line":13,"column":55}},"7":{"start":{"line":14,"column":18},"end":{"line":14,"column":27}},"8":{"start":{"line":15,"column":4},"end":{"line":17,"column":5}},"9":{"start":{"line":15,"column":17},"end":{"line":15,"column":18}},"10":{"start":{"line":16,"column":6},"end":{"line":16,"column":29}},"11":{"start":{"line":18,"column":4},"end":{"line":18,"column":19}},"12":{"start":{"line":22,"column":4},"end":{"line":22,"column":55}},"13":{"start":{"line":22,"column":43},"end":{"line":22,"column":55}},"14":{"start":{"line":23,"column":4},"end":{"line":23,"column":52}},"15":{"start":{"line":23,"column":21},"end":{"line":23,"column":52}},"16":{"start":{"line":25,"column":19},"end":{"line":25,"column":45}},"17":{"start":{"line":26,"column":4},"end":{"line":26,"column":39}},"18":{"start":{"line":26,"column":27},"end":{"line":26,"column":39}},"19":{"start":{"line":27,"column":4},"end":{"line":27,"column":60}},"20":{"start":{"line":28,"column":4},"end":{"line":28,"column":18}},"21":{"start":{"line":32,"column":4},"end":{"line":32,"column":58}},"22":{"start":{"line":32,"column":27},"end":{"line":32,"column":58}},"23":{"start":{"line":33,"column":15},"end":{"line":33,"column":47}},"24":{"start":{"line":34,"column":4},"end":{"line":34,"column":47}},"25":{"start":{"line":35,"column":4},"end":{"line":35,"column":18}},"26":{"start":{"line":39,"column":4},"end":{"line":39,"column":39}},"27":{"start":{"line":39,"column":27},"end":{"line":39,"column":39}},"28":{"start":{"line":40,"column":4},"end":{"line":40,"column":31}},"29":{"start":{"line":41,"column":4},"end":{"line":41,"column":18}},"30":{"start":{"line":45,"column":4},"end":{"line":45,"column":39}},"31":{"start":{"line":45,"column":27},"end":{"line":45,"column":39}},"32":{"start":{"line":46,"column":4},"end":{"line":46,"column":54}},"33":{"start":{"line":46,"column":27},"end":{"line":46,"column":54}},"34":{"start":{"line":47,"column":21},"end":{"line":47,"column":53}},"35":{"start":{"line":48,"column":4},"end":{"line":48,"column":25}},"36":{"start":{"line":49,"column":4},"end":{"line":49,"column":18}},"37":{"start":{"line":53,"column":4},"end":{"line":53,"column":55}},"38":{"start":{"line":53,"column":43},"end":{"line":53,"column":55}},"39":{"start":{"line":54,"column":4},"end":{"line":54,"column":48}},"40":{"start":{"line":54,"column":21},"end":{"line":54,"column":48}},"41":{"start":{"line":56,"column":19},"end":{"line":56,"column":45}},"42":{"start":{"line":57,"column":19},"end":{"line":57,"column":32}},"43":{"start":{"line":58,"column":4},"end":{"line":58,"column":34}},"44":{"start":{"line":60,"column":4},"end":{"line":60,"column":18}},"45":{"start":{"line":64,"column":4},"end":{"line":64,"column":40}},"46":{"start":{"line":64,"column":27},"end":{"line":64,"column":40}},"47":{"start":{"line":65,"column":18},"end":{"line":65,"column":27}},"48":{"start":{"line":66,"column":4},"end":{"line":69,"column":5}},"49":{"start":{"line":67,"column":6},"end":{"line":67,"column":47}},"50":{"start":{"line":67,"column":35},"end":{"line":67,"column":47}},"51":{"start":{"line":68,"column":6},"end":{"line":68,"column":29}},"52":{"start":{"line":70,"column":4},"end":{"line":70,"column":17}},"53":{"start":{"line":74,"column":4},"end":{"line":74,"column":37}},"54":{"start":{"line":74,"column":27},"end":{"line":74,"column":37}},"55":{"start":{"line":75,"column":18},"end":{"line":75,"column":27}},"56":{"start":{"line":76,"column":16},"end":{"line":76,"column":17}},"57":{"start":{"line":77,"column":4},"end":{"line":81,"column":5}},"58":{"start":{"line":78,"column":6},"end":{"line":78,"column":48}},"59":{"start":{"line":78,"column":35},"end":{"line":78,"column":48}},"60":{"start":{"line":79,"column":6},"end":{"line":79,"column":29}},"61":{"start":{"line":80,"column":6},"end":{"line":80,"column":14}},"62":{"start":{"line":82,"column":4},"end":{"line":82,"column":14}},"63":{"start":{"line":86,"column":17},"end":{"line":86,"column":19}},"64":{"start":{"line":87,"column":18},"end":{"line":87,"column":27}},"65":{"start":{"line":88,"column":4},"end":{"line":91,"column":5}},"66":{"start":{"line":89,"column":6},"end":{"line":89,"column":38}},"67":{"start":{"line":90,"column":6},"end":{"line":90,"column":29}},"68":{"start":{"line":92,"column":25},"end":{"line":92,"column":78}},"69":{"start":{"line":98,"column":4},"end":{"line":98,"column":23}},"70":{"start":{"line":99,"column":4},"end":{"line":99,"column":21}},"71":{"start":{"line":103,"column":0},"end":{"line":109,"column":2}},"72":{"start":{"line":104,"column":13},"end":{"line":104,"column":29}},"73":{"start":{"line":105,"column":2},"end":{"line":107,"column":3}},"74":{"start":{"line":105,"column":15},"end":{"line":105,"column":32}},"75":{"start":{"line":106,"column":4},"end":{"line":106,"column":31}},"76":{"start":{"line":108,"column":2},"end":{"line":108,"column":12}},"77":{"start":{"line":111,"column":0},"end":{"line":111,"column":28}},"78":{"start":{"line":112,"column":38},"end":{"line":112,"column":31805}}},"fnMap":{"0":{"name":"(anonymous_0)","decl":{"start":{"line":2,"column":2},"end":{"line":2,"column":3}},"loc":{"start":{"line":2,"column":16},"end":{"line":5,"column":3}},"line":2},"1":{"name":"(anonymous_1)","decl":{"start":{"line":7,"column":2},"end":{"line":7,"column":3}},"loc":{"start":{"line":7,"column":21},"end":{"line":11,"column":3}},"line":7},"2":{"name":"(anonymous_2)","decl":{"start":{"line":12,"column":2},"end":{"line":12,"column":3}},"loc":{"start":{"line":12,"column":20},"end":{"line":19,"column":3}},"line":12},"3":{"name":"(anonymous_3)","decl":{"start":{"line":21,"column":2},"end":{"line":21,"column":3}},"loc":{"start":{"line":21,"column":29},"end":{"line":29,"column":3}},"line":21},"4":{"name":"(anonymous_4)","decl":{"start":{"line":31,"column":2},"end":{"line":31,"column":3}},"loc":{"start":{"line":31,"column":20},"end":{"line":36,"column":3}},"line":31},"5":{"name":"(anonymous_5)","decl":{"start":{"line":38,"column":2},"end":{"line":38,"column":3}},"loc":{"start":{"line":38,"column":17},"end":{"line":42,"column":3}},"line":38},"6":{"name":"(anonymous_6)","decl":{"start":{"line":44,"column":2},"end":{"line":44,"column":3}},"loc":{"start":{"line":44,"column":16},"end":{"line":50,"column":3}},"line":44},"7":{"name":"(anonymous_7)","decl":{"start":{"line":52,"column":2},"end":{"line":52,"column":3}},"loc":{"start":{"line":52,"column":23},"end":{"line":61,"column":3}},"line":52},"8":{"name":"(anonymous_8)","decl":{"start":{"line":63,"column":2},"end":{"line":63,"column":3}},"loc":{"start":{"line":63,"column":23},"end":{"line":71,"column":3}},"line":63},"9":{"name":"(anonymous_9)","decl":{"start":{"line":73,"column":2},"end":{"line":73,"column":3}},"loc":{"start":{"line":73,"column":17},"end":{"line":83,"column":3}},"line":73},"10":{"name":"(anonymous_10)","decl":{"start":{"line":85,"column":2},"end":{"line":85,"column":3}},"loc":{"start":{"line":85,"column":10},"end":{"line":93,"column":3}},"line":85},"11":{"name":"(anonymous_11)","decl":{"start":{"line":97,"column":2},"end":{"line":97,"column":3}},"loc":{"start":{"line":97,"column":27},"end":{"line":100,"column":3}},"line":97},"12":{"name":"(anonymous_12)","decl":{"start":{"line":103,"column":24},"end":{"line":103,"column":25}},"loc":{"start":{"line":103,"column":39},"end":{"line":109,"column":1}},"line":103},"13":{"name":"oo_oo","decl":{"start":{"line":112,"column":30},"end":{"line":112,"column":35}},"loc":{"start":{"line":112,"column":37},"end":{"line":112,"column":31806}},"line":112}},"branchMap":{"0":{"loc":{"start":{"line":13,"column":4},"end":{"line":13,"column":55}},"type":"if","locations":[{"start":{"line":13,"column":4},"end":{"line":13,"column":55}},{"start":{},"end":{}}],"line":13},"1":{"loc":{"start":{"line":13,"column":8},"end":{"line":13,"column":41}},"type":"binary-expr","locations":[{"start":{"line":13,"column":8},"end":{"line":13,"column":17}},{"start":{"line":13,"column":21},"end":{"line":13,"column":41}}],"line":13},"2":{"loc":{"start":{"line":22,"column":4},"end":{"line":22,"column":55}},"type":"if","locations":[{"start":{"line":22,"column":4},"end":{"line":22,"column":55}},{"start":{},"end":{}}],"line":22},"3":{"loc":{"start":{"line":22,"column":8},"end":{"line":22,"column":41}},"type":"binary-expr","locations":[{"start":{"line":22,"column":8},"end":{"line":22,"column":17}},{"start":{"line":22,"column":21},"end":{"line":22,"column":41}}],"line":22},"4":{"loc":{"start":{"line":23,"column":4},"end":{"line":23,"column":52}},"type":"if","locations":[{"start":{"line":23,"column":4},"end":{"line":23,"column":52}},{"start":{},"end":{}}],"line":23},"5":{"loc":{"start":{"line":26,"column":4},"end":{"line":26,"column":39}},"type":"if","locations":[{"start":{"line":26,"column":4},"end":{"line":26,"column":39}},{"start":{},"end":{}}],"line":26},"6":{"loc":{"start":{"line":32,"column":4},"end":{"line":32,"column":58}},"type":"if","locations":[{"start":{"line":32,"column":4},"end":{"line":32,"column":58}},{"start":{},"end":{}}],"line":32},"7":{"loc":{"start":{"line":39,"column":4},"end":{"line":39,"column":39}},"type":"if","locations":[{"start":{"line":39,"column":4},"end":{"line":39,"column":39}},{"start":{},"end":{}}],"line":39},"8":{"loc":{"start":{"line":45,"column":4},"end":{"line":45,"column":39}},"type":"if","locations":[{"start":{"line":45,"column":4},"end":{"line":45,"column":39}},{"start":{},"end":{}}],"line":45},"9":{"loc":{"start":{"line":46,"column":4},"end":{"line":46,"column":54}},"type":"if","locations":[{"start":{"line":46,"column":4},"end":{"line":46,"column":54}},{"start":{},"end":{}}],"line":46},"10":{"loc":{"start":{"line":53,"column":4},"end":{"line":53,"column":55}},"type":"if","locations":[{"start":{"line":53,"column":4},"end":{"line":53,"column":55}},{"start":{},"end":{}}],"line":53},"11":{"loc":{"start":{"line":53,"column":8},"end":{"line":53,"column":41}},"type":"binary-expr","locations":[{"start":{"line":53,"column":8},"end":{"line":53,"column":17}},{"start":{"line":53,"column":21},"end":{"line":53,"column":41}}],"line":53},"12":{"loc":{"start":{"line":54,"column":4},"end":{"line":54,"column":48}},"type":"if","locations":[{"start":{"line":54,"column":4},"end":{"line":54,"column":48}},{"start":{},"end":{}}],"line":54},"13":{"loc":{"start":{"line":64,"column":4},"end":{"line":64,"column":40}},"type":"if","locations":[{"start":{"line":64,"column":4},"end":{"line":64,"column":40}},{"start":{},"end":{}}],"line":64},"14":{"loc":{"start":{"line":67,"column":6},"end":{"line":67,"column":47}},"type":"if","locations":[{"start":{"line":67,"column":6},"end":{"line":67,"column":47}},{"start":{},"end":{}}],"line":67},"15":{"loc":{"start":{"line":74,"column":4},"end":{"line":74,"column":37}},"type":"if","locations":[{"start":{"line":74,"column":4},"end":{"line":74,"column":37}},{"start":{},"end":{}}],"line":74},"16":{"loc":{"start":{"line":78,"column":6},"end":{"line":78,"column":48}},"type":"if","locations":[{"start":{"line":78,"column":6},"end":{"line":78,"column":48}},{"start":{},"end":{}}],"line":78}},"s":{"0":38,"1":38,"2":77,"3":77,"4":77,"5":16,"6":2,"7":14,"8":14,"9":14,"10":16,"11":14,"12":4,"13":2,"14":2,"15":1,"16":1,"17":1,"18":0,"19":1,"20":1,"21":2,"22":1,"23":1,"24":1,"25":1,"26":5,"27":1,"28":4,"29":4,"30":5,"31":2,"32":3,"33":0,"34":3,"35":3,"36":3,"37":5,"38":3,"39":2,"40":0,"41":2,"42":2,"43":2,"44":2,"45":6,"46":2,"47":4,"48":4,"49":8,"50":2,"51":6,"52":2,"53":6,"54":2,"55":4,"56":4,"57":4,"58":9,"59":2,"60":7,"61":7,"62":2,"63":0,"64":0,"65":0,"66":0,"67":0,"68":0,"69":79,"70":79,"71":1,"72":28,"73":28,"74":28,"75":73,"76":28,"77":1,"78":0},"f":{"0":38,"1":77,"2":16,"3":4,"4":2,"5":5,"6":5,"7":5,"8":6,"9":6,"10":0,"11":79,"12":28,"13":0},"b":{"0":[2,14],"1":[16,15],"2":[2,2],"3":[4,3],"4":[1,1],"5":[0,1],"6":[1,1],"7":[1,4],"8":[2,3],"9":[0,3],"10":[3,2],"11":[5,4],"12":[0,2],"13":[2,4],"14":[2,6],"15":[2,4],"16":[2,7]},"_coverageSchema":"1a1c01bbd47fc00a2c39e90264f33305004495a9","hash":"9b9d66e36c64f105eb13ebc218681d38e93e0b89"}
}
