TN:
SF:linked-list\LinkedList.js
FN:2,(anonymous_0)
FN:7,(anonymous_1)
FN:12,(anonymous_2)
FN:21,(anonymous_3)
FN:31,(anonymous_4)
FN:38,(anonymous_5)
FN:44,(anonymous_6)
FN:52,(anonymous_7)
FN:63,(anonymous_8)
FN:73,(anonymous_9)
FN:85,(anonymous_10)
FN:97,(anonymous_11)
FN:103,(anonymous_12)
FN:112,oo_oo
FNF:14
FNH:12
FNDA:38,(anonymous_0)
FNDA:77,(anonymous_1)
FNDA:16,(anonymous_2)
FNDA:4,(anonymous_3)
FNDA:2,(anonymous_4)
FNDA:5,(anonymous_5)
FNDA:5,(anonymous_6)
FNDA:5,(anonymous_7)
FNDA:6,(anonymous_8)
FNDA:6,(anonymous_9)
FNDA:0,(anonymous_10)
FNDA:79,(anonymous_11)
FNDA:28,(anonymous_12)
FNDA:0,oo_oo
DA:3,38
DA:4,38
DA:8,77
DA:9,77
DA:10,77
DA:13,16
DA:14,14
DA:15,14
DA:16,16
DA:18,14
DA:22,4
DA:23,2
DA:25,1
DA:26,1
DA:27,1
DA:28,1
DA:32,2
DA:33,1
DA:34,1
DA:35,1
DA:39,5
DA:40,4
DA:41,4
DA:45,5
DA:46,3
DA:47,3
DA:48,3
DA:49,3
DA:53,5
DA:54,2
DA:56,2
DA:57,2
DA:58,2
DA:60,2
DA:64,6
DA:65,4
DA:66,4
DA:67,8
DA:68,6
DA:70,2
DA:74,6
DA:75,4
DA:76,4
DA:77,4
DA:78,9
DA:79,7
DA:80,7
DA:82,2
DA:86,0
DA:87,0
DA:88,0
DA:89,0
DA:90,0
DA:92,0
DA:98,79
DA:99,79
DA:103,1
DA:104,28
DA:105,28
DA:106,73
DA:108,28
DA:111,1
DA:112,0
LF:63
LH:56
BRDA:13,0,0,2
BRDA:13,0,1,14
BRDA:13,1,0,16
BRDA:13,1,1,15
BRDA:22,2,0,2
BRDA:22,2,1,2
BRDA:22,3,0,4
BRDA:22,3,1,3
BRDA:23,4,0,1
BRDA:23,4,1,1
BRDA:26,5,0,0
BRDA:26,5,1,1
BRDA:32,6,0,1
BRDA:32,6,1,1
BRDA:39,7,0,1
BRDA:39,7,1,4
BRDA:45,8,0,2
BRDA:45,8,1,3
BRDA:46,9,0,0
BRDA:46,9,1,3
BRDA:53,10,0,3
BRDA:53,10,1,2
BRDA:53,11,0,5
BRDA:53,11,1,4
BRDA:54,12,0,0
BRDA:54,12,1,2
BRDA:64,13,0,2
BRDA:64,13,1,4
BRDA:67,14,0,2
BRDA:67,14,1,6
BRDA:74,15,0,2
BRDA:74,15,1,4
BRDA:78,16,0,2
BRDA:78,16,1,7
BRF:34
BRH:31
end_of_record
